<?xml version="1.0" encoding="UTF-8"?>
<testsuite name="com.telran.addressbook.tests.DeleteGroupTest" tests="1" skipped="0" failures="0" errors="0" timestamp="2018-05-25T08:46:09" hostname="MS" time="1.447">
  <properties/>
  <testcase name="groupDelitionTest" classname="com.telran.addressbook.tests.DeleteGroupTest" time="1.447"/>
  <system-out><![CDATA[]]></system-out>
  <system-err><![CDATA[]]></system-err>
</testsuite>
