<?xml version="1.0" encoding="UTF-8"?>
<testsuite name="com.telran.addressbook.tests.ModifyGroup" tests="1" skipped="0" failures="0" errors="0" timestamp="2018-05-25T08:46:07" hostname="MS" time="2.104">
  <properties/>
  <testcase name="groupModificationTests" classname="com.telran.addressbook.tests.ModifyGroup" time="2.104"/>
  <system-out><![CDATA[]]></system-out>
  <system-err><![CDATA[]]></system-err>
</testsuite>
